<?xml version="1.0" encoding="UTF-8"?>
<!-- Generated by org.testng.reporters.JUnitReportReporter -->
<testsuite skipped="0" hostname="BDC4-L-CZMLTF2" name="test.tests.QuickTest" tests="1" failures="0" timestamp="14 Mar 2017 12:01:00 GMT" time="0.012" errors="0">
  <testcase name="printDate" time="0.012" classname="test.tests.QuickTest"/>
</testsuite> <!-- test.tests.QuickTest -->
