<?xml version="1.0" encoding="UTF-8"?>
<!-- Generated by org.testng.reporters.JUnitReportReporter -->
<testsuite skipped="0" hostname="BDC4-L-CZMLTF2" name="test.tests.WebMail" tests="1" failures="0" timestamp="14 Mar 2017 12:16:27 GMT" time="219.633" errors="0">
  <testcase name="testMail" time="219.633" classname="test.tests.WebMail"/>
</testsuite> <!-- test.tests.WebMail -->
